This file contains any messages produced by compilers while
running configure, to aid debugging if configure makes a mistake.

configure:558: checking host system type
configure:602: checking how to run the C preprocessor
configure:623: gcc -E  conftest.c >/dev/null 2>conftest.out
configure:727: checking for AIX
configure:752: checking for minix/config.h
configure:762: gcc -E  conftest.c >/dev/null 2>conftest.out
configure:758:26: fatal error: minix/config.h: No such file or directory
compilation terminated.
configure: failed program was:
#line 757 "configure"
#include "confdefs.h"
#include <minix/config.h>
configure:813: checking for a BSD compatible install
configure:881: checking for flex
configure:915: checking for yywrap in -lfl
configure:934: gcc -o conftest    conftest.c -lfl   1>&5
configure:971: checking whether ln -s works
configure:994: checking whether time.h and sys/time.h may both be included
configure:1008: gcc -c   conftest.c 1>&5
configure:1033: checking for dirent.h that defines DIR
configure:1046: gcc -c   conftest.c 1>&5
configure:1071: checking for opendir in -ldir
configure:1090: gcc -o conftest    conftest.c -ldir   1>&5
/usr/bin/ld: cannot find -ldir
collect2: error: ld returned 1 exit status
configure: failed program was:
#line 1079 "configure"
#include "confdefs.h"
/* Override any gcc2 internal prototype to avoid an error.  */
/* We use char because int might match the return type of a gcc2
    builtin and then its argument prototype would still apply.  */
char opendir();

int main() {
opendir()
; return 0; }
configure:1154: checking for ANSI C header files
configure:1167: gcc -E  conftest.c >/dev/null 2>conftest.out
configure:1234: gcc -o conftest    conftest.c  1>&5
configure: In function 'main':
configure:1229:67: warning: implicit declaration of function 'exit' [-Wimplicit-function-declaration]
 if (XOR (islower (i), ISLOWER (i)) || toupper (i) != TOUPPER (i)) exit(2);
                                                                   ^
configure:1229:67: warning: incompatible implicit declaration of built-in function 'exit'
configure:1229:67: note: include '<stdlib.h>' or provide a declaration of 'exit'
configure:1230:1: warning: incompatible implicit declaration of built-in function 'exit'
 exit (0); }
 ^
configure:1230:1: note: include '<stdlib.h>' or provide a declaration of 'exit'
configure:1258: checking for sys/wait.h that is POSIX.1 compatible
configure:1279: gcc -c   conftest.c 1>&5
configure:1303: checking for fcntl.h
configure:1313: gcc -E  conftest.c >/dev/null 2>conftest.out
configure:1303: checking for malloc.h
configure:1313: gcc -E  conftest.c >/dev/null 2>conftest.out
configure:1303: checking for sgtty.h
configure:1313: gcc -E  conftest.c >/dev/null 2>conftest.out
configure:1303: checking for strings.h
configure:1313: gcc -E  conftest.c >/dev/null 2>conftest.out
configure:1303: checking for sys/file.h
configure:1313: gcc -E  conftest.c >/dev/null 2>conftest.out
configure:1303: checking for sys/ioctl.h
configure:1313: gcc -E  conftest.c >/dev/null 2>conftest.out
configure:1303: checking for sys/time.h
configure:1313: gcc -E  conftest.c >/dev/null 2>conftest.out
configure:1303: checking for termio.h
configure:1313: gcc -E  conftest.c >/dev/null 2>conftest.out
configure:1303: checking for time.h
configure:1313: gcc -E  conftest.c >/dev/null 2>conftest.out
configure:1303: checking for unistd.h
configure:1313: gcc -E  conftest.c >/dev/null 2>conftest.out
configure:1303: checking for varargs.h
configure:1313: gcc -E  conftest.c >/dev/null 2>conftest.out
In file included from configure:1309:0:
/usr/lib/gcc/x86_64-linux-gnu/5/include/varargs.h:4:2: error: #error "GCC no longer implements <varargs.h>."
 #error "GCC no longer implements <varargs.h>."
  ^
/usr/lib/gcc/x86_64-linux-gnu/5/include/varargs.h:5:2: error: #error "Revise your code to use <stdarg.h>."
 #error "Revise your code to use <stdarg.h>."
  ^
configure: failed program was:
#line 1308 "configure"
#include "confdefs.h"
#include <varargs.h>
configure:1354: gcc -c   conftest.c 1>&5
configure: In function 'main':
configure:1349:8: error: 'SIGEMT' undeclared (first use in this function)
 signal(SIGEMT, fktco);
        ^
configure:1349:8: note: each undeclared identifier is reported only once for each function it appears in
configure: failed program was:
#line 1341 "configure"
#include "confdefs.h"

#include <stdio.h>
#include <signal.h>

int main() {

void (*fktco)();
signal(SIGEMT, fktco);

; return 0; }
configure:1383: gcc -c   conftest.c 1>&5
configure:1412: gcc -c   conftest.c 1>&5
configure: In function 'main':
configure:1407:6: error: conflicting types for 'random'
 FILE random();
      ^
In file included from configure:1402:0:
/usr/include/stdlib.h:321:17: note: previous declaration of 'random' was here
 extern long int random (void) __THROW;
                 ^
configure: failed program was:
#line 1399 "configure"
#include "confdefs.h"

#include <stdio.h>
#include <stdlib.h>
#include <math.h>

int main() {

FILE random();

; return 0; }
configure:1441: gcc -c   conftest.c 1>&5
configure: In function 'main':
configure:1436:6: error: conflicting types for 'srandom'
 FILE srandom();
      ^
In file included from configure:1431:0:
/usr/include/stdlib.h:324:13: note: previous declaration of 'srandom' was here
 extern void srandom (unsigned int __seed) __THROW;
             ^
configure: failed program was:
#line 1428 "configure"
#include "confdefs.h"

#include <stdio.h>
#include <stdlib.h>
#include <math.h>

int main() {

FILE srandom();

; return 0; }
configure:1469: gcc -c   conftest.c 1>&5
configure:1497: gcc -c   conftest.c 1>&5
configure:1513: checking for working const
configure:1567: gcc -c   conftest.c 1>&5
configure:1588: checking whether struct tm is in sys/time.h or time.h
configure:1601: gcc -c   conftest.c 1>&5
configure:1624: checking for tgetent in -ltermcap
configure:1643: gcc -o conftest    conftest.c -ltermcap   1>&5
configure:1664: checking for tgetent in -lcurses
configure:1683: gcc -o conftest    conftest.c -lcurses   1>&5
configure:1704: checking for log2 in -lm
configure:1723: gcc -o conftest    conftest.c -lm   1>&5
configure:1716:6: warning: conflicting types for built-in function 'log2'
 char log2();
      ^
configure:1747: checking for random
configure:1775: gcc -o conftest    conftest.c  1>&5
configure:1800: checking return type of signal handlers
configure:1822: gcc -c   conftest.c 1>&5
configure:1841: checking for size_t
configure:1874: checking size of char
configure:1893: gcc -o conftest    conftest.c  1>&5
configure:1884:1: warning: return type defaults to 'int' [-Wimplicit-int]
 main()
 ^
configure: In function 'main':
configure:1887:11: warning: implicit declaration of function 'exit' [-Wimplicit-function-declaration]
   if (!f) exit(1);
           ^
configure:1887:11: warning: incompatible implicit declaration of built-in function 'exit'
configure:1887:11: note: include '<stdlib.h>' or provide a declaration of 'exit'
configure:1888:14: warning: format '%d' expects argument of type 'int', but argument 3 has type 'long unsigned int' [-Wformat=]
   fprintf(f, "%d\n", sizeof(char));
              ^
configure:1889:3: warning: incompatible implicit declaration of built-in function 'exit'
   exit(0);
   ^
configure:1889:3: note: include '<stdlib.h>' or provide a declaration of 'exit'
configure:1913: checking size of short
configure:1932: gcc -o conftest    conftest.c  1>&5
configure:1923:1: warning: return type defaults to 'int' [-Wimplicit-int]
 main()
 ^
configure: In function 'main':
configure:1926:11: warning: implicit declaration of function 'exit' [-Wimplicit-function-declaration]
   if (!f) exit(1);
           ^
configure:1926:11: warning: incompatible implicit declaration of built-in function 'exit'
configure:1926:11: note: include '<stdlib.h>' or provide a declaration of 'exit'
configure:1927:14: warning: format '%d' expects argument of type 'int', but argument 3 has type 'long unsigned int' [-Wformat=]
   fprintf(f, "%d\n", sizeof(short));
              ^
configure:1928:3: warning: incompatible implicit declaration of built-in function 'exit'
   exit(0);
   ^
configure:1928:3: note: include '<stdlib.h>' or provide a declaration of 'exit'
configure:1952: checking size of int
configure:1971: gcc -o conftest    conftest.c  1>&5
configure:1962:1: warning: return type defaults to 'int' [-Wimplicit-int]
 main()
 ^
configure: In function 'main':
configure:1965:11: warning: implicit declaration of function 'exit' [-Wimplicit-function-declaration]
   if (!f) exit(1);
           ^
configure:1965:11: warning: incompatible implicit declaration of built-in function 'exit'
configure:1965:11: note: include '<stdlib.h>' or provide a declaration of 'exit'
configure:1966:14: warning: format '%d' expects argument of type 'int', but argument 3 has type 'long unsigned int' [-Wformat=]
   fprintf(f, "%d\n", sizeof(int));
              ^
configure:1967:3: warning: incompatible implicit declaration of built-in function 'exit'
   exit(0);
   ^
configure:1967:3: note: include '<stdlib.h>' or provide a declaration of 'exit'
configure:1991: checking size of long
configure:2010: gcc -o conftest    conftest.c  1>&5
configure:2001:1: warning: return type defaults to 'int' [-Wimplicit-int]
 main()
 ^
configure: In function 'main':
configure:2004:11: warning: implicit declaration of function 'exit' [-Wimplicit-function-declaration]
   if (!f) exit(1);
           ^
configure:2004:11: warning: incompatible implicit declaration of built-in function 'exit'
configure:2004:11: note: include '<stdlib.h>' or provide a declaration of 'exit'
configure:2005:14: warning: format '%d' expects argument of type 'int', but argument 3 has type 'long unsigned int' [-Wformat=]
   fprintf(f, "%d\n", sizeof(long));
              ^
configure:2006:3: warning: incompatible implicit declaration of built-in function 'exit'
   exit(0);
   ^
configure:2006:3: note: include '<stdlib.h>' or provide a declaration of 'exit'
configure:2030: checking size of long long
configure:2049: gcc -o conftest    conftest.c  1>&5
configure:2040:1: warning: return type defaults to 'int' [-Wimplicit-int]
 main()
 ^
configure: In function 'main':
configure:2043:11: warning: implicit declaration of function 'exit' [-Wimplicit-function-declaration]
   if (!f) exit(1);
           ^
configure:2043:11: warning: incompatible implicit declaration of built-in function 'exit'
configure:2043:11: note: include '<stdlib.h>' or provide a declaration of 'exit'
configure:2044:14: warning: format '%d' expects argument of type 'int', but argument 3 has type 'long unsigned int' [-Wformat=]
   fprintf(f, "%d\n", sizeof(long long));
              ^
configure:2045:3: warning: incompatible implicit declaration of built-in function 'exit'
   exit(0);
   ^
configure:2045:3: note: include '<stdlib.h>' or provide a declaration of 'exit'
configure:2069: checking size of void *
configure:2088: gcc -o conftest    conftest.c  1>&5
configure:2079:1: warning: return type defaults to 'int' [-Wimplicit-int]
 main()
 ^
configure: In function 'main':
configure:2082:11: warning: implicit declaration of function 'exit' [-Wimplicit-function-declaration]
   if (!f) exit(1);
           ^
configure:2082:11: warning: incompatible implicit declaration of built-in function 'exit'
configure:2082:11: note: include '<stdlib.h>' or provide a declaration of 'exit'
configure:2083:14: warning: format '%d' expects argument of type 'int', but argument 3 has type 'long unsigned int' [-Wformat=]
   fprintf(f, "%d\n", sizeof(void *));
              ^
configure:2084:3: warning: incompatible implicit declaration of built-in function 'exit'
   exit(0);
   ^
configure:2084:3: note: include '<stdlib.h>' or provide a declaration of 'exit'
configure:2108: checking size of float
configure:2127: gcc -o conftest    conftest.c  1>&5
configure:2118:1: warning: return type defaults to 'int' [-Wimplicit-int]
 main()
 ^
configure: In function 'main':
configure:2121:11: warning: implicit declaration of function 'exit' [-Wimplicit-function-declaration]
   if (!f) exit(1);
           ^
configure:2121:11: warning: incompatible implicit declaration of built-in function 'exit'
configure:2121:11: note: include '<stdlib.h>' or provide a declaration of 'exit'
configure:2122:14: warning: format '%d' expects argument of type 'int', but argument 3 has type 'long unsigned int' [-Wformat=]
   fprintf(f, "%d\n", sizeof(float));
              ^
configure:2123:3: warning: incompatible implicit declaration of built-in function 'exit'
   exit(0);
   ^
configure:2123:3: note: include '<stdlib.h>' or provide a declaration of 'exit'
configure:2147: checking size of double
configure:2166: gcc -o conftest    conftest.c  1>&5
configure:2157:1: warning: return type defaults to 'int' [-Wimplicit-int]
 main()
 ^
configure: In function 'main':
configure:2160:11: warning: implicit declaration of function 'exit' [-Wimplicit-function-declaration]
   if (!f) exit(1);
           ^
configure:2160:11: warning: incompatible implicit declaration of built-in function 'exit'
configure:2160:11: note: include '<stdlib.h>' or provide a declaration of 'exit'
configure:2161:14: warning: format '%d' expects argument of type 'int', but argument 3 has type 'long unsigned int' [-Wformat=]
   fprintf(f, "%d\n", sizeof(double));
              ^
configure:2162:3: warning: incompatible implicit declaration of built-in function 'exit'
   exit(0);
   ^
configure:2162:3: note: include '<stdlib.h>' or provide a declaration of 'exit'
configure:2190: checking for ar
configure:2228: checking for gcc
configure:2263: checking for gcc
configure:2306: checking for as
configure:2343: checking for emacs
configure:2378: checking for ls
configure:2413: checking for more
configure:2448: checking for ranlib
configure:2483: checking for vi
configure:2518: checking for xdvi
configure:2553: checking for groff
